build/app/outputs/mapping/release/mapping.txt
# compiler: R8
# compiler_version: 1.5.64
# min_api: 21
# pg_map_id: c2b0541
...
androidx.fragment.app.FragmentManagerViewModel -> androidx.fragment.app.l:
    androidx.lifecycle.ViewModelProvider$Factory FACTORY -> h
    java.util.HashSet mRetainedFragments -> b
    boolean mStateAutomaticallySaved -> e
    boolean mHasBeenCleared -> f
    boolean mHasSavedSnapshot -> g
    java.util.HashMap mViewModelStores -> d
    java.util.HashMap mChildNonConfigs -> c
    boolean addRetainedFragment(androidx.fragment.app.Fragment) -> a
    androidx.fragment.app.FragmentManagerViewModel getInstance(androidx.lifecycle.ViewModelStore) -> a
    void clearNonConfigState(androidx.fragment.app.Fragment) -> b
    void onCleared() -> b
    androidx.fragment.app.FragmentManagerViewModel getChildNonConfig(androidx.fragment.app.Fragment) -> c
    java.util.Collection getRetainedFragments() -> c
    androidx.lifecycle.ViewModelStore getViewModelStore(androidx.fragment.app.Fragment) -> d
    boolean isCleared() -> d
    boolean removeRetainedFragment(androidx.fragment.app.Fragment) -> e
    boolean shouldDestroy(androidx.fragment.app.Fragment) -> f
androidx.fragment.app.FragmentManagerViewModel$1 -> androidx.fragment.app.l$a:
    androidx.lifecycle.ViewModel create(java.lang.Class) -> a
androidx.fragment.app.FragmentState -> androidx.fragment.app.m:
    java.lang.String mTag -> f
    int mMaxLifecycleState -> l
    boolean mDetached -> i
    boolean mHidden -> k
    androidx.fragment.app.Fragment mInstance -> n
    int mFragmentId -> d
    int mContainerId -> e
    android.os.Bundle mArguments -> j
    android.os.Bundle mSavedFragmentState -> m
    java.lang.String mClassName -> a
    boolean mRetainInstance -> g
    boolean mRemoving -> h
    java.lang.String mWho -> b
    boolean mFromLayout -> c
    androidx.fragment.app.Fragment instantiate(java.lang.ClassLoader,androidx.fragment.app.FragmentFactory) -> a
androidx.fragment.app.FragmentState$1 -> androidx.fragment.app.m$a:
androidx.fragment.app.FragmentTransaction -> androidx.fragment.app.n:
    java.lang.String mName -> i
    int mBreadCrumbShortTitleRes -> l
    boolean mReorderingAllowed -> p
    int mBreadCrumbTitleRes -> j
    int mTransition -> f
    int mTransitionStyle -> g
    int mPopEnterAnim -> d
    int mPopExitAnim -> e
    int mEnterAnim -> b
    int mExitAnim -> c
    java.util.ArrayList mOps -> a
    java.lang.CharSequence mBreadCrumbTitleText -> k
    java.util.ArrayList mSharedElementTargetNames -> o
    java.lang.CharSequence mBreadCrumbShortTitleText -> m
    java.util.ArrayList mSharedElementSourceNames -> n
    boolean mAddToBackStack -> h
    java.util.ArrayList mCommitRunnables -> q
    androidx.fragment.app.FragmentTransaction add(androidx.fragment.app.Fragment,java.lang.String) -> a
    void addOp(androidx.fragment.app.FragmentTransaction$Op) -> a
    int commit() -> a
    void doAddOp(int,androidx.fragment.app.Fragment,java.lang.String,int) -> a
    androidx.fragment.app.FragmentTransaction remove(androidx.fragment.app.Fragment) -> a
    int commitAllowingStateLoss() -> b
androidx.fragment.app.FragmentTransaction$Op -> androidx.fragment.app.n$a:
    int mPopExitAnim -> f
    androidx.fragment.app.Fragment mFragment -> b
    int mExitAnim -> d
    androidx.lifecycle.Lifecycle$State mCurrentMaxState -> h
    int mPopEnterAnim -> e
    androidx.lifecycle.Lifecycle$State mOldMaxState -> g
    int mEnterAnim -> c
    int mCmd -> a